#
# There is insufficient memory for the Java Runtime Environment to continue.
# Native memory allocation (malloc) failed to allocate 32744 bytes for ChunkPool::allocate
# Possible reasons:
#   The system is out of physical RAM or swap space
#   The process is running with CompressedOops enabled, and the Java Heap may be blocking the growth of the native heap
# Possible solutions:
#   Reduce memory load on the system
#   Increase physical memory or swap space
#   Check if swap backing store is full
#   Decrease Java heap size (-Xmx/-Xms)
#   Decrease number of Java threads
# JRE version: OpenJDK Runtime Environment Temurin-17.0.2+8 (17.0.2+8) (build 17.0.2+8)
# Java VM: OpenJDK 64-Bit Server VM Temurin-17.0.2+8 (17.0.2+8, mixed mode, tiered, compressed oops, compressed class ptrs, g1 gc, windows-amd64)
# No core dump will be written. Minidumps are not enabled by default on client versions of Windows
#

---------------  S U M M A R Y ------------

Command Line: -Dcom.sun.management.jmxremote -Dcom.sun.management.jmxremote.port=63990 -Dcom.sun.management.jmxremote.authenticate=false -Dcom.sun.management.jmxremote.ssl=false -Djava.rmi.server.hostname=localhost -Dspring.application.admin.enabled=true -Dspring.jmx.enabled=true -XX:+ShowCodeDetailsInExceptionMessages -Dfile.encoding=UTF-8 com.seraleman.regala_product_be.RegalaProductBeApplication

Host: AMD Ryzen 7 3700U with Radeon Vega Mobile Gfx  , 8 cores, 13G,  Windows 11 , 64 bit Build 22000 (10.0.22000.434)
Time: Fri Apr  1 17:40:29 2022 Hora est. Pacífico, Sudamérica elapsed time: 771.448882 seconds (0d 0h 12m 51s)

---------------  T H R E A D  ---------------

Current thread (0x000001ee2cd87f70):  JavaThread "C1 CompilerThread0" daemon [_thread_in_native, id=20540, stack(0x000000946ed00000,0x000000946ee00000)]


Current CompileTask:
C1: 771448 6482   !   3      
[error occurred during error reporting (printing current compile task), id 0xe0000001, Out of Memory Error (e:\jenkins\tmp\workspace\build\src\src\hotspot\share\memory\arena.cpp:78)]

Stack: [0x000000946ed00000,0x000000946ee00000]
Native frames: (J=compiled Java code, j=interpreted, Vv=VM code, C=native code)
V  [jvm.dll+0x67564a]
V  [jvm.dll+0x82fc04]
V  [jvm.dll+0x8313ae]
V  [jvm.dll+0x831a13]
V  [jvm.dll+0x245235]
V  [jvm.dll+0xabfc0]
V  [jvm.dll+0xac30c]
V  [jvm.dll+0x79d6ac]
V  [jvm.dll+0x79d799]
V  [jvm.dll+0x6294a9]
V  [jvm.dll+0x22b886]
V  [jvm.dll+0x22be07]
V  [jvm.dll+0x82fa9a]
V  [jvm.dll+0x8313ae]
V  [jvm.dll+0x831a13]
V  [jvm.dll+0x245235]
V  [jvm.dll+0xabfc0]
V  [jvm.dll+0xac30c]
V  [jvm.dll+0x2389b8]
V  [jvm.dll+0x662405]
V  [jvm.dll+0x179ff0]
V  [jvm.dll+0x17732e]
V  [jvm.dll+0x1776da]
V  [jvm.dll+0x17a813]
V  [jvm.dll+0x134723]
V  [jvm.dll+0x13401f]
V  [jvm.dll+0x134256]
V  [jvm.dll+0x1336ea]
V  [jvm.dll+0x1353b1]
V  [jvm.dll+0x226ef8]
V  [jvm.dll+0x22503c]
V  [jvm.dll+0x7e596b]
V  [jvm.dll+0x7dff2a]
V  [jvm.dll+0x6744d5]
C  [ucrtbase.dll+0x26c0c]
C  [KERNEL32.DLL+0x154e0]
C  [ntdll.dll+0x485b]


---------------  P R O C E S S  ---------------

Threads class SMR info:
_java_thread_list=0x000001ee31579390, length=42, elements={
0x000001ee2d8012d0, 0x000001ee2d802050, 0x000001ee2cd84f90, 0x000001ee2cd85850,
0x000001ee2cd86110, 0x000001ee2cd869d0, 0x000001ee2cd875c0, 0x000001ee2cd87f70,
0x000001ee2cd88870, 0x000001ee2cd019f0, 0x000001ee2d9f5fd0, 0x000001ee2dba7140,
0x000001ee2dec23b0, 0x000001ee2e10c9a0, 0x000001ee2fb67c70, 0x000001ee2fb64c50,
0x000001ee2fb672d0, 0x000001ee2fb655f0, 0x000001ee2fb66460, 0x000001ee2fb66930,
0x000001ee2fb66e00, 0x000001ee32497370, 0x000001ee32499050, 0x000001ee3249e6f0,
0x000001ee3249d880, 0x000001ee324981e0, 0x000001ee3249e220, 0x000001ee3249cee0,
0x000001ee3249bba0, 0x000001ee3249b200, 0x000001ee324986b0, 0x000001ee32499520,
0x000001ee3249d3b0, 0x000001ee3249b6d0, 0x000001ee32497d10, 0x000001ee324999f0,
0x000001ee32499ec0, 0x000001ee32498b80, 0x000001ee3249a390, 0x000001ee3249ebc0,
0x000001ee3249c070, 0x000001ee3249c540
}

Java Threads: ( => current thread )
  0x000001ee2d8012d0 JavaThread "Reference Handler" daemon [_thread_blocked, id=9396, stack(0x000000946e600000,0x000000946e700000)]
  0x000001ee2d802050 JavaThread "Finalizer" daemon [_thread_blocked, id=8628, stack(0x000000946e700000,0x000000946e800000)]
  0x000001ee2cd84f90 JavaThread "Signal Dispatcher" daemon [_thread_blocked, id=7212, stack(0x000000946e800000,0x000000946e900000)]
  0x000001ee2cd85850 JavaThread "Attach Listener" daemon [_thread_blocked, id=14836, stack(0x000000946e900000,0x000000946ea00000)]
  0x000001ee2cd86110 JavaThread "Service Thread" daemon [_thread_blocked, id=12220, stack(0x000000946ea00000,0x000000946eb00000)]
  0x000001ee2cd869d0 JavaThread "Monitor Deflation Thread" daemon [_thread_blocked, id=1432, stack(0x000000946eb00000,0x000000946ec00000)]
  0x000001ee2cd875c0 JavaThread "C2 CompilerThread0" daemon [_thread_blocked, id=18588, stack(0x000000946ec00000,0x000000946ed00000)]
=>0x000001ee2cd87f70 JavaThread "C1 CompilerThread0" daemon [_thread_in_native, id=20540, stack(0x000000946ed00000,0x000000946ee00000)]
  0x000001ee2cd88870 JavaThread "Sweeper thread" daemon [_thread_blocked, id=5432, stack(0x000000946ee00000,0x000000946ef00000)]
  0x000001ee2cd019f0 JavaThread "Common-Cleaner" daemon [_thread_blocked, id=4092, stack(0x000000946ef00000,0x000000946f000000)]
  0x000001ee2d9f5fd0 JavaThread "Notification Thread" daemon [_thread_blocked, id=19232, stack(0x000000946f000000,0x000000946f100000)]
  0x000001ee2dba7140 JavaThread "RMI TCP Accept-0" daemon [_thread_in_native, id=15500, stack(0x000000946f200000,0x000000946f300000)]
  0x000001ee2dec23b0 JavaThread "RMI TCP Accept-63990" daemon [_thread_in_native, id=10128, stack(0x000000946f300000,0x000000946f400000)]
  0x000001ee2e10c9a0 JavaThread "RMI TCP Accept-0" daemon [_thread_in_native, id=14288, stack(0x000000946f400000,0x000000946f500000)]
  0x000001ee2fb67c70 JavaThread "Catalina-utility-1" [_thread_blocked, id=7016, stack(0x000000946ff00000,0x0000009470000000)]
  0x000001ee2fb64c50 JavaThread "Catalina-utility-2" [_thread_blocked, id=9452, stack(0x0000009470000000,0x0000009470100000)]
  0x000001ee2fb672d0 JavaThread "container-0" [_thread_blocked, id=10960, stack(0x0000009470200000,0x0000009470300000)]
  0x000001ee2fb655f0 JavaThread "Thread-4" daemon [_thread_in_native, id=7844, stack(0x0000009470300000,0x0000009470400000)]
  0x000001ee2fb66460 JavaThread "cluster-ClusterId{value='62477c66fabbb7695cf5120e', description='null'}-productdb-shard-00-02.0dvwg.mongodb.net:27017" daemon [_thread_in_native, id=18736, stack(0x0000009470500000,0x0000009470600000)]
  0x000001ee2fb66930 JavaThread "cluster-rtt-ClusterId{value='62477c66fabbb7695cf5120e', description='null'}-productdb-shard-00-02.0dvwg.mongodb.net:27017" daemon [_thread_in_native, id=6288, stack(0x0000009470600000,0x0000009470700000)]
  0x000001ee2fb66e00 JavaThread "cluster-ClusterId{value='62477c66fabbb7695cf5120e', description='null'}-productdb-shard-00-00.0dvwg.mongodb.net:27017" daemon [_thread_in_native, id=5392, stack(0x0000009470700000,0x0000009470800000)]
  0x000001ee32497370 JavaThread "cluster-rtt-ClusterId{value='62477c66fabbb7695cf5120e', description='null'}-productdb-shard-00-00.0dvwg.mongodb.net:27017" daemon [_thread_in_native, id=19672, stack(0x0000009470800000,0x0000009470900000)]
  0x000001ee32499050 JavaThread "cluster-ClusterId{value='62477c66fabbb7695cf5120e', description='null'}-productdb-shard-00-01.0dvwg.mongodb.net:27017" daemon [_thread_in_native, id=13988, stack(0x0000009470900000,0x0000009470a00000)]
  0x000001ee3249e6f0 JavaThread "cluster-rtt-ClusterId{value='62477c66fabbb7695cf5120e', description='null'}-productdb-shard-00-01.0dvwg.mongodb.net:27017" daemon [_thread_blocked, id=4952, stack(0x0000009470a00000,0x0000009470b00000)]
  0x000001ee3249d880 JavaThread "Live Reload Server" daemon [_thread_in_native, id=13124, stack(0x0000009470c00000,0x0000009470d00000)]
  0x000001ee324981e0 JavaThread "MaintenanceTimer-1-thread-1" daemon [_thread_blocked, id=9304, stack(0x0000009470d00000,0x0000009470e00000)]
  0x000001ee3249e220 JavaThread "MaintenanceTimer-2-thread-1" daemon [_thread_blocked, id=6380, stack(0x0000009470e00000,0x0000009470f00000)]
  0x000001ee3249cee0 JavaThread "MaintenanceTimer-3-thread-1" daemon [_thread_blocked, id=9296, stack(0x0000009470f00000,0x0000009471000000)]
  0x000001ee3249bba0 JavaThread "File Watcher" daemon [_thread_blocked, id=15212, stack(0x0000009471000000,0x0000009471100000)]
  0x000001ee3249b200 JavaThread "http-nio-8080-exec-1" daemon [_thread_blocked, id=9836, stack(0x0000009471100000,0x0000009471200000)]
  0x000001ee324986b0 JavaThread "http-nio-8080-exec-2" daemon [_thread_blocked, id=17232, stack(0x0000009471200000,0x0000009471300000)]
  0x000001ee32499520 JavaThread "http-nio-8080-exec-3" daemon [_thread_blocked, id=15028, stack(0x0000009471300000,0x0000009471400000)]
  0x000001ee3249d3b0 JavaThread "http-nio-8080-exec-4" daemon [_thread_blocked, id=10472, stack(0x0000009471400000,0x0000009471500000)]
  0x000001ee3249b6d0 JavaThread "http-nio-8080-exec-5" daemon [_thread_blocked, id=10200, stack(0x0000009471500000,0x0000009471600000)]
  0x000001ee32497d10 JavaThread "http-nio-8080-exec-6" daemon [_thread_blocked, id=13788, stack(0x0000009471600000,0x0000009471700000)]
  0x000001ee324999f0 JavaThread "http-nio-8080-exec-7" daemon [_thread_blocked, id=22560, stack(0x0000009471700000,0x0000009471800000)]
  0x000001ee32499ec0 JavaThread "http-nio-8080-exec-8" daemon [_thread_blocked, id=6876, stack(0x0000009471800000,0x0000009471900000)]
  0x000001ee32498b80 JavaThread "http-nio-8080-exec-9" daemon [_thread_blocked, id=13616, stack(0x0000009471900000,0x0000009471a00000)]
  0x000001ee3249a390 JavaThread "http-nio-8080-exec-10" daemon [_thread_blocked, id=13568, stack(0x0000009471a00000,0x0000009471b00000)]
  0x000001ee3249ebc0 JavaThread "http-nio-8080-Poller" daemon [_thread_in_native, id=20000, stack(0x0000009471b00000,0x0000009471c00000)]
  0x000001ee3249c070 JavaThread "http-nio-8080-Acceptor" daemon [_thread_in_native, id=11332, stack(0x0000009471c00000,0x0000009471d00000)]
  0x000001ee3249c540 JavaThread "DestroyJavaVM" [_thread_blocked, id=7076, stack(0x000000946df00000,0x000000946e000000)]

Other Threads:
  0x000001ee2cd60880 VMThread "VM Thread" [stack: 0x000000946e500000,0x000000946e600000] [id=14268]
  0x000001ee0ff3bc60 WatcherThread [stack: 0x000000946f500000,0x000000946f600000] [id=17752]
  0x000001ee0ff24b50 GCTaskThread "GC Thread#0" [stack: 0x000000946e000000,0x000000946e100000] [id=17984]
  0x000001ee2e3af5a0 GCTaskThread "GC Thread#1" [stack: 0x000000946f700000,0x000000946f800000] [id=21984]
  0x000001ee2e2da370 GCTaskThread "GC Thread#2" [stack: 0x000000946f800000,0x000000946f900000] [id=13448]
  0x000001ee2e2da620 GCTaskThread "GC Thread#3" [stack: 0x000000946f900000,0x000000946fa00000] [id=11372]
  0x000001ee2f1801b0 GCTaskThread "GC Thread#4" [stack: 0x000000946fa00000,0x000000946fb00000] [id=13940]
  0x000001ee2f1d2c20 GCTaskThread "GC Thread#5" [stack: 0x000000946fb00000,0x000000946fc00000] [id=18184]
  0x000001ee2f1d06e0 GCTaskThread "GC Thread#6" [stack: 0x000000946fc00000,0x000000946fd00000] [id=22176]
  0x000001ee2f1d0da0 GCTaskThread "GC Thread#7" [stack: 0x000000946fd00000,0x000000946fe00000] [id=14584]
  0x000001ee0ff33990 ConcurrentGCThread "G1 Main Marker" [stack: 0x000000946e100000,0x000000946e200000] [id=2644]
  0x000001ee0ff343a0 ConcurrentGCThread "G1 Conc#0" [stack: 0x000000946e200000,0x000000946e300000] [id=20732]
  0x000001ee2f390020 ConcurrentGCThread "G1 Conc#1" [stack: 0x0000009470100000,0x0000009470200000] [id=3528]
  0x000001ee2cbd20b0 ConcurrentGCThread "G1 Refine#0" [stack: 0x000000946e300000,0x000000946e400000] [id=12144]
  0x000001ee2f1748c0 ConcurrentGCThread "G1 Refine#1" [stack: 0x000000946fe00000,0x000000946ff00000] [id=17332]
  0x000001ee2cbd2ad0 ConcurrentGCThread "G1 Service" [stack: 0x000000946e400000,0x000000946e500000] [id=9812]

Threads with active compile tasks:
C1 CompilerThread0   771542 6482   !   3       sun.security.ssl.SSLCipher$T13GcmWriteCipherGenerator$GcmWriteCipher::encrypt (329 bytes)

VM state: not at safepoint (normal execution)

VM Mutex/Monitor currently owned by a thread: None

Heap address: 0x0000000721000000, size: 3568 MB, Compressed Oops mode: Zero based, Oop shift amount: 3

CDS archive(s) not mapped
Compressed class space mapped at: 0x0000000800000000-0x0000000840000000, reserved size: 1073741824
Narrow klass base: 0x0000000800000000, Narrow klass shift: 0, Narrow klass range: 0x40000000

GC Precious Log:
 CPUs: 8 total, 8 available
 Memory: 14269M
 Large Page Support: Disabled
 NUMA Support: Disabled
 Compressed Oops: Enabled (Zero based)
 Heap Region Size: 2M
 Heap Min Capacity: 8M
 Heap Initial Capacity: 224M
 Heap Max Capacity: 3568M
 Pre-touch: Disabled
 Parallel Workers: 8
 Concurrent Workers: 2
 Concurrent Refinement Workers: 8
 Periodic GC: Disabled

Heap:
 garbage-first heap   total 133120K, used 88839K [0x0000000721000000, 0x0000000800000000)
  region size 2048K, 37 young (75776K), 4 survivors (8192K)
 Metaspace       used 57369K, committed 57856K, reserved 1105920K
  class space    used 7288K, committed 7552K, reserved 1048576K

Heap Regions: E=young(eden), S=young(survivor), O=old, HS=humongous(starts), HC=humongous(continues), CS=collection set, F=free, OA=open archive, CA=closed archive, TAMS=top-at-mark-start (previous, next)
|   0|0x0000000721000000, 0x0000000721200000, 0x0000000721200000|100%| O|  |TAMS 0x0000000721200000, 0x0000000721000000| Untracked 
|   1|0x0000000721200000, 0x0000000721400000, 0x0000000721400000|100%| O|  |TAMS 0x0000000721400000, 0x0000000721200000| Untracked 
|   2|0x0000000721400000, 0x0000000721600000, 0x0000000721600000|100%| O|  |TAMS 0x000000072144d800, 0x0000000721400000| Untracked 
|   3|0x0000000721600000, 0x0000000721800000, 0x0000000721800000|100%| O|  |TAMS 0x0000000721800000, 0x0000000721600000| Untracked 
|   4|0x0000000721800000, 0x0000000721a00000, 0x0000000721a00000|100%| O|  |TAMS 0x0000000721a00000, 0x0000000721800000| Untracked 
|   5|0x0000000721a00000, 0x0000000721c00000, 0x0000000721c00000|100%| O|  |TAMS 0x0000000721a00000, 0x0000000721a00000| Untracked 
|   6|0x0000000721c00000, 0x0000000721d61c00, 0x0000000721e00000| 69%| O|  |TAMS 0x0000000721c00000, 0x0000000721c00000| Untracked 
|   7|0x0000000721e00000, 0x0000000722000000, 0x0000000722000000|100%| O|  |TAMS 0x0000000722000000, 0x0000000721e00000| Untracked 
|   8|0x0000000722000000, 0x0000000722000000, 0x0000000722200000|  0%| F|  |TAMS 0x0000000722000000, 0x0000000722000000| Untracked 
|   9|0x0000000722200000, 0x0000000722200000, 0x0000000722400000|  0%| F|  |TAMS 0x0000000722200000, 0x0000000722200000| Untracked 
|  10|0x0000000722400000, 0x0000000722400000, 0x0000000722600000|  0%| F|  |TAMS 0x0000000722400000, 0x0000000722400000| Untracked 
|  11|0x0000000722600000, 0x0000000722600000, 0x0000000722800000|  0%| F|  |TAMS 0x0000000722600000, 0x0000000722600000| Untracked 
|  12|0x0000000722800000, 0x0000000722800000, 0x0000000722a00000|  0%| F|  |TAMS 0x0000000722800000, 0x0000000722800000| Untracked 
|  13|0x0000000722a00000, 0x0000000722a00000, 0x0000000722c00000|  0%| F|  |TAMS 0x0000000722a00000, 0x0000000722a00000| Untracked 
|  14|0x0000000722c00000, 0x0000000722c00000, 0x0000000722e00000|  0%| F|  |TAMS 0x0000000722c00000, 0x0000000722c00000| Untracked 
|  15|0x0000000722e00000, 0x0000000722e00000, 0x0000000723000000|  0%| F|  |TAMS 0x0000000722e00000, 0x0000000722e00000| Untracked 
|  16|0x0000000723000000, 0x0000000723000000, 0x0000000723200000|  0%| F|  |TAMS 0x0000000723000000, 0x0000000723000000| Untracked 
|  17|0x0000000723200000, 0x0000000723200000, 0x0000000723400000|  0%| F|  |TAMS 0x0000000723200000, 0x0000000723200000| Untracked 
|  18|0x0000000723400000, 0x0000000723400000, 0x0000000723600000|  0%| F|  |TAMS 0x0000000723400000, 0x0000000723400000| Untracked 
|  19|0x0000000723600000, 0x0000000723600000, 0x0000000723800000|  0%| F|  |TAMS 0x0000000723600000, 0x0000000723600000| Untracked 
|  20|0x0000000723800000, 0x0000000723800000, 0x0000000723a00000|  0%| F|  |TAMS 0x0000000723800000, 0x0000000723800000| Untracked 
|  21|0x0000000723a00000, 0x0000000723a00000, 0x0000000723c00000|  0%| F|  |TAMS 0x0000000723a00000, 0x0000000723a00000| Untracked 
|  22|0x0000000723c00000, 0x0000000723c00000, 0x0000000723e00000|  0%| F|  |TAMS 0x0000000723c00000, 0x0000000723c00000| Untracked 
|  23|0x0000000723e00000, 0x0000000723e00000, 0x0000000724000000|  0%| F|  |TAMS 0x0000000723e00000, 0x0000000723e00000| Untracked 
|  24|0x0000000724000000, 0x0000000724160370, 0x0000000724200000| 68%| S|CS|TAMS 0x0000000724000000, 0x0000000724000000| Complete 
|  25|0x0000000724200000, 0x0000000724400000, 0x0000000724400000|100%| S|CS|TAMS 0x0000000724200000, 0x0000000724200000| Complete 
|  26|0x0000000724400000, 0x0000000724600000, 0x0000000724600000|100%| S|CS|TAMS 0x0000000724400000, 0x0000000724400000| Complete 
|  27|0x0000000724600000, 0x0000000724800000, 0x0000000724800000|100%| S|CS|TAMS 0x0000000724600000, 0x0000000724600000| Complete 
|  28|0x0000000724800000, 0x0000000724800000, 0x0000000724a00000|  0%| F|  |TAMS 0x0000000724800000, 0x0000000724800000| Untracked 
|  29|0x0000000724a00000, 0x0000000724a00000, 0x0000000724c00000|  0%| F|  |TAMS 0x0000000724a00000, 0x0000000724a00000| Untracked 
|  30|0x0000000724c00000, 0x0000000724c00000, 0x0000000724e00000|  0%| F|  |TAMS 0x0000000724c00000, 0x0000000724c00000| Untracked 
|  31|0x0000000724e00000, 0x0000000724e00000, 0x0000000725000000|  0%| F|  |TAMS 0x0000000724e00000, 0x0000000724e00000| Untracked 
|  32|0x0000000725000000, 0x0000000725170058, 0x0000000725200000| 71%| E|  |TAMS 0x0000000725000000, 0x0000000725000000| Complete 
|  33|0x0000000725200000, 0x0000000725400000, 0x0000000725400000|100%| E|CS|TAMS 0x0000000725200000, 0x0000000725200000| Complete 
|  34|0x0000000725400000, 0x0000000725600000, 0x0000000725600000|100%| E|CS|TAMS 0x0000000725400000, 0x0000000725400000| Complete 
|  35|0x0000000725600000, 0x0000000725800000, 0x0000000725800000|100%| E|CS|TAMS 0x0000000725600000, 0x0000000725600000| Complete 
|  36|0x0000000725800000, 0x0000000725a00000, 0x0000000725a00000|100%| E|CS|TAMS 0x0000000725800000, 0x0000000725800000| Complete 
|  37|0x0000000725a00000, 0x0000000725c00000, 0x0000000725c00000|100%| E|CS|TAMS 0x0000000725a00000, 0x0000000725a00000| Complete 
|  38|0x0000000725c00000, 0x0000000725e00000, 0x0000000725e00000|100%| E|CS|TAMS 0x0000000725c00000, 0x0000000725c00000| Complete 
|  39|0x0000000725e00000, 0x0000000726000000, 0x0000000726000000|100%| E|CS|TAMS 0x0000000725e00000, 0x0000000725e00000| Complete 
|  40|0x0000000726000000, 0x0000000726200000, 0x0000000726200000|100%| E|CS|TAMS 0x0000000726000000, 0x0000000726000000| Complete 
|  41|0x0000000726200000, 0x0000000726400000, 0x0000000726400000|100%| E|CS|TAMS 0x0000000726200000, 0x0000000726200000| Complete 
|  42|0x0000000726400000, 0x0000000726600000, 0x0000000726600000|100%| E|CS|TAMS 0x0000000726400000, 0x0000000726400000| Complete 
|  43|0x0000000726600000, 0x0000000726800000, 0x0000000726800000|100%| E|CS|TAMS 0x0000000726600000, 0x0000000726600000| Complete 
|  44|0x0000000726800000, 0x0000000726a00000, 0x0000000726a00000|100%| E|CS|TAMS 0x0000000726800000, 0x0000000726800000| Complete 
|  45|0x0000000726a00000, 0x0000000726c00000, 0x0000000726c00000|100%| E|CS|TAMS 0x0000000726a00000, 0x0000000726a00000| Complete 
|  46|0x0000000726c00000, 0x0000000726e00000, 0x0000000726e00000|100%| E|CS|TAMS 0x0000000726c00000, 0x0000000726c00000| Complete 
|  47|0x0000000726e00000, 0x0000000727000000, 0x0000000727000000|100%| E|CS|TAMS 0x0000000726e00000, 0x0000000726e00000| Complete 
|  48|0x0000000727000000, 0x0000000727200000, 0x0000000727200000|100%| E|CS|TAMS 0x0000000727000000, 0x0000000727000000| Complete 
|  49|0x0000000727200000, 0x0000000727400000, 0x0000000727400000|100%| E|CS|TAMS 0x0000000727200000, 0x0000000727200000| Complete 
|  50|0x0000000727400000, 0x0000000727600000, 0x0000000727600000|100%| E|CS|TAMS 0x0000000727400000, 0x0000000727400000| Complete 
|  51|0x0000000727600000, 0x0000000727800000, 0x0000000727800000|100%| E|CS|TAMS 0x0000000727600000, 0x0000000727600000| Complete 
|  52|0x0000000727800000, 0x0000000727a00000, 0x0000000727a00000|100%| E|CS|TAMS 0x0000000727800000, 0x0000000727800000| Complete 
|  53|0x0000000727a00000, 0x0000000727c00000, 0x0000000727c00000|100%| E|CS|TAMS 0x0000000727a00000, 0x0000000727a00000| Complete 
|  54|0x0000000727c00000, 0x0000000727e00000, 0x0000000727e00000|100%| E|CS|TAMS 0x0000000727c00000, 0x0000000727c00000| Complete 
|  55|0x0000000727e00000, 0x0000000728000000, 0x0000000728000000|100%| E|CS|TAMS 0x0000000727e00000, 0x0000000727e00000| Complete 
|  56|0x0000000728000000, 0x0000000728200000, 0x0000000728200000|100%| E|CS|TAMS 0x0000000728000000, 0x0000000728000000| Complete 
|  57|0x0000000728200000, 0x0000000728400000, 0x0000000728400000|100%| E|CS|TAMS 0x0000000728200000, 0x0000000728200000| Complete 
|  58|0x0000000728400000, 0x0000000728600000, 0x0000000728600000|100%| E|CS|TAMS 0x0000000728400000, 0x0000000728400000| Complete 
|  59|0x0000000728600000, 0x0000000728800000, 0x0000000728800000|100%| E|CS|TAMS 0x0000000728600000, 0x0000000728600000| Complete 
|  60|0x0000000728800000, 0x0000000728a00000, 0x0000000728a00000|100%| E|CS|TAMS 0x0000000728800000, 0x0000000728800000| Complete 
|  61|0x0000000728a00000, 0x0000000728c00000, 0x0000000728c00000|100%| E|CS|TAMS 0x0000000728a00000, 0x0000000728a00000| Complete 
|  62|0x0000000728c00000, 0x0000000728e00000, 0x0000000728e00000|100%| E|CS|TAMS 0x0000000728c00000, 0x0000000728c00000| Complete 
| 109|0x000000072ea00000, 0x000000072ec00000, 0x000000072ec00000|100%| E|CS|TAMS 0x000000072ea00000, 0x000000072ea00000| Complete 
| 111|0x000000072ee00000, 0x000000072f000000, 0x000000072f000000|100%| E|CS|TAMS 0x000000072ee00000, 0x000000072ee00000| Complete 

Card table byte_map: [0x000001ee22590000,0x000001ee22c90000] _byte_map_base: 0x000001ee1ec88000

Marking Bits (Prev, Next): (CMBitMap*) 0x000001ee0ff25160, (CMBitMap*) 0x000001ee0ff251a0
 Prev Bits: [0x000001ee23390000, 0x000001ee26b50000)
 Next Bits: [0x000001ee26b50000, 0x000001ee2a310000)

Polling page: 0x000001ee0f6b0000

Metaspace:

Usage:
  Non-class:     48.91 MB used.
      Class:      7.12 MB used.
       Both:     56.03 MB used.

Virtual space:
  Non-class space:       56.00 MB reserved,      49.12 MB ( 88%) committed,  7 nodes.
      Class space:        1.00 GB reserved,       7.38 MB ( <1%) committed,  1 nodes.
             Both:        1.05 GB reserved,      56.50 MB (  5%) committed. 

Chunk freelists:
   Non-Class:  2.58 MB
       Class:  619.00 KB
        Both:  3.18 MB

MaxMetaspaceSize: unlimited
CompressedClassSpaceSize: 1.00 GB
Initial GC threshold: 21.00 MB
Current GC threshold: 58.69 MB
CDS: off
MetaspaceReclaimPolicy: balanced
 - commit_granule_bytes: 65536.
 - commit_granule_words: 8192.
 - virtual_space_node_default_size: 1048576.
 - enlarge_chunks_in_place: 1.
 - new_chunks_are_fully_committed: 0.
 - uncommit_free_chunks: 1.
 - use_allocation_guard: 0.
 - handle_deallocations: 1.


Internal statistics:

num_allocs_failed_limit: 6.
num_arena_births: 556.
num_arena_deaths: 0.
num_vsnodes_births: 8.
num_vsnodes_deaths: 0.
num_space_committed: 904.
num_space_uncommitted: 0.
num_chunks_returned_to_freelist: 6.
num_chunks_taken_from_freelist: 2219.
num_chunk_merges: 6.
num_chunk_splits: 1480.
num_chunks_enlarged: 1074.
num_purges: 0.
num_inconsistent_stats: 0.

CodeHeap 'non-profiled nmethods': size=120000Kb used=2338Kb max_used=2826Kb free=117661Kb
 bounds [0x000001ee1a630000, 0x000001ee1a900000, 0x000001ee21b60000]
CodeHeap 'profiled nmethods': size=120000Kb used=10619Kb max_used=12074Kb free=109380Kb
 bounds [0x000001ee13100000, 0x000001ee13cd0000, 0x000001ee1a630000]
CodeHeap 'non-nmethods': size=5760Kb used=1301Kb max_used=1363Kb free=4458Kb
 bounds [0x000001ee12b60000, 0x000001ee12dd0000, 0x000001ee13100000]
 total_blobs=6151 nmethods=5527 adapters=536
 compilation: enabled
              stopped_count=0, restarted_count=0
 full_count=0

Compilation events (20 events):
Event: 741.248 Thread 0x000001ee2cd87f70 nmethod 6471 0x000001ee131bfe10 code [0x000001ee131bffe0, 0x000001ee131c03d8]
Event: 745.345 Thread 0x000001ee2cd87f70 6472       3       java.lang.invoke.Invokers$Holder::linkToTargetMethod (15 bytes)
Event: 745.346 Thread 0x000001ee2cd87f70 nmethod 6472 0x000001ee131c0f90 code [0x000001ee131c1140, 0x000001ee131c1598]
Event: 745.347 Thread 0x000001ee2cd87f70 6473       3       java.lang.invoke.LambdaForm$DMH/0x0000000800218000::newInvokeSpecial (32 bytes)
Event: 745.381 Thread 0x000001ee2cd87f70 nmethod 6473 0x000001ee13940e10 code [0x000001ee13941000, 0x000001ee139417e8]
Event: 751.215 Thread 0x000001ee2cd87f70 6474       3       org.bson.codecs.EncoderContext$Builder::<init> (5 bytes)
Event: 751.216 Thread 0x000001ee2cd87f70 nmethod 6474 0x000001ee13b4d710 code [0x000001ee13b4d8a0, 0x000001ee13b4d9f8]
Event: 751.319 Thread 0x000001ee2cd87f70 6475       3       sun.security.ssl.OutputRecord::calculateFragmentSize (37 bytes)
Event: 751.320 Thread 0x000001ee2cd87f70 nmethod 6475 0x000001ee13914f90 code [0x000001ee13915140, 0x000001ee139153e8]
Event: 761.307 Thread 0x000001ee2cd87f70 6476       3       org.bson.codecs.EncoderContext::builder (9 bytes)
Event: 761.307 Thread 0x000001ee2cd87f70 nmethod 6476 0x000001ee13a3a090 code [0x000001ee13a3a240, 0x000001ee13a3a498]
Event: 761.307 Thread 0x000001ee2cd87f70 6477       3       org.bson.codecs.EncoderContext$Builder::<init> (5 bytes)
Event: 761.308 Thread 0x000001ee2cd87f70 nmethod 6477 0x000001ee13a54f10 code [0x000001ee13a550c0, 0x000001ee13a55278]
Event: 761.401 Thread 0x000001ee2cd87f70 6478       3       com.mongodb.internal.connection.BsonWriterDecorator::writeEndDocument (10 bytes)
Event: 761.402 Thread 0x000001ee2cd87f70 nmethod 6478 0x000001ee13206910 code [0x000001ee13206ac0, 0x000001ee13206ca8]
Event: 761.404 Thread 0x000001ee2cd87f70 6479       3       com.sun.crypto.provider.GaloisCounterMode::engineGetOutputSize (14 bytes)
Event: 761.405 Thread 0x000001ee2cd87f70 nmethod 6479 0x000001ee13271c10 code [0x000001ee13271dc0, 0x000001ee13272078]
Event: 771.392 Thread 0x000001ee2cd87f70 6480       3       com.mongodb.internal.connection.BsonWriterDecorator::writeStartDocument (10 bytes)
Event: 771.393 Thread 0x000001ee2cd87f70 nmethod 6480 0x000001ee133b4f10 code [0x000001ee133b50c0, 0x000001ee133b52a8]
Event: 771.393 Thread 0x000001ee2cd87f70 6482   !   3       sun.security.ssl.SSLCipher$T13GcmWriteCipherGenerator$GcmWriteCipher::encrypt (329 bytes)

GC Heap History (20 events):
Event: 6.195 GC heap before
{Heap before GC invocations=6 (full 0):
 garbage-first heap   total 34816K, used 19127K [0x0000000721000000, 0x0000000800000000)
  region size 2048K, 7 young (14336K), 1 survivors (2048K)
 Metaspace       used 28173K, committed 28480K, reserved 1081344K
  class space    used 3411K, committed 3520K, reserved 1048576K
}
Event: 6.198 GC heap after
{Heap after GC invocations=7 (full 0):
 garbage-first heap   total 34816K, used 9418K [0x0000000721000000, 0x0000000800000000)
  region size 2048K, 1 young (2048K), 1 survivors (2048K)
 Metaspace       used 28173K, committed 28480K, reserved 1081344K
  class space    used 3411K, committed 3520K, reserved 1048576K
}
Event: 7.168 GC heap before
{Heap before GC invocations=7 (full 0):
 garbage-first heap   total 34816K, used 23754K [0x0000000721000000, 0x0000000800000000)
  region size 2048K, 8 young (16384K), 1 survivors (2048K)
 Metaspace       used 29714K, committed 30016K, reserved 1081344K
  class space    used 3638K, committed 3776K, reserved 1048576K
}
Event: 7.171 GC heap after
{Heap after GC invocations=8 (full 0):
 garbage-first heap   total 34816K, used 10183K [0x0000000721000000, 0x0000000800000000)
  region size 2048K, 1 young (2048K), 1 survivors (2048K)
 Metaspace       used 29714K, committed 30016K, reserved 1081344K
  class space    used 3638K, committed 3776K, reserved 1048576K
}
Event: 8.467 GC heap before
{Heap before GC invocations=8 (full 0):
 garbage-first heap   total 34816K, used 24519K [0x0000000721000000, 0x0000000800000000)
  region size 2048K, 8 young (16384K), 1 survivors (2048K)
 Metaspace       used 31825K, committed 32128K, reserved 1081344K
  class space    used 3908K, committed 4032K, reserved 1048576K
}
Event: 8.471 GC heap after
{Heap after GC invocations=9 (full 0):
 garbage-first heap   total 34816K, used 11195K [0x0000000721000000, 0x0000000800000000)
  region size 2048K, 1 young (2048K), 1 survivors (2048K)
 Metaspace       used 31825K, committed 32128K, reserved 1081344K
  class space    used 3908K, committed 4032K, reserved 1048576K
}
Event: 10.039 GC heap before
{Heap before GC invocations=9 (full 0):
 garbage-first heap   total 34816K, used 25531K [0x0000000721000000, 0x0000000800000000)
  region size 2048K, 8 young (16384K), 1 survivors (2048K)
 Metaspace       used 34819K, committed 35136K, reserved 1081344K
  class space    used 4359K, committed 4480K, reserved 1048576K
}
Event: 10.047 GC heap after
{Heap after GC invocations=10 (full 0):
 garbage-first heap   total 34816K, used 12598K [0x0000000721000000, 0x0000000800000000)
  region size 2048K, 1 young (2048K), 1 survivors (2048K)
 Metaspace       used 34819K, committed 35136K, reserved 1081344K
  class space    used 4359K, committed 4480K, reserved 1048576K
}
Event: 10.426 GC heap before
{Heap before GC invocations=10 (full 0):
 garbage-first heap   total 34816K, used 16694K [0x0000000721000000, 0x0000000800000000)
  region size 2048K, 4 young (8192K), 1 survivors (2048K)
 Metaspace       used 35635K, committed 35968K, reserved 1081344K
  class space    used 4472K, committed 4672K, reserved 1048576K
}
Event: 10.431 GC heap after
{Heap after GC invocations=11 (full 0):
 garbage-first heap   total 34816K, used 13353K [0x0000000721000000, 0x0000000800000000)
  region size 2048K, 1 young (2048K), 1 survivors (2048K)
 Metaspace       used 35635K, committed 35968K, reserved 1081344K
  class space    used 4472K, committed 4672K, reserved 1048576K
}
Event: 11.531 GC heap before
{Heap before GC invocations=12 (full 0):
 garbage-first heap   total 34816K, used 23593K [0x0000000721000000, 0x0000000800000000)
  region size 2048K, 6 young (12288K), 1 survivors (2048K)
 Metaspace       used 37337K, committed 37632K, reserved 1089536K
  class space    used 4651K, committed 4800K, reserved 1048576K
}
Event: 11.536 GC heap after
{Heap after GC invocations=13 (full 0):
 garbage-first heap   total 34816K, used 14211K [0x0000000721000000, 0x0000000800000000)
  region size 2048K, 1 young (2048K), 1 survivors (2048K)
 Metaspace       used 37337K, committed 37632K, reserved 1089536K
  class space    used 4651K, committed 4800K, reserved 1048576K
}
Event: 12.686 GC heap before
{Heap before GC invocations=13 (full 0):
 garbage-first heap   total 34816K, used 24451K [0x0000000721000000, 0x0000000800000000)
  region size 2048K, 6 young (12288K), 1 survivors (2048K)
 Metaspace       used 39834K, committed 40128K, reserved 1089536K
  class space    used 5003K, committed 5120K, reserved 1048576K
}
Event: 12.693 GC heap after
{Heap after GC invocations=14 (full 0):
 garbage-first heap   total 34816K, used 15131K [0x0000000721000000, 0x0000000800000000)
  region size 2048K, 1 young (2048K), 1 survivors (2048K)
 Metaspace       used 39834K, committed 40128K, reserved 1089536K
  class space    used 5003K, committed 5120K, reserved 1048576K
}
Event: 13.264 GC heap before
{Heap before GC invocations=14 (full 0):
 garbage-first heap   total 34816K, used 25371K [0x0000000721000000, 0x0000000800000000)
  region size 2048K, 6 young (12288K), 1 survivors (2048K)
 Metaspace       used 42517K, committed 42944K, reserved 1089536K
  class space    used 5414K, committed 5632K, reserved 1048576K
}
Event: 13.272 GC heap after
{Heap after GC invocations=15 (full 0):
 garbage-first heap   total 34816K, used 16241K [0x0000000721000000, 0x0000000800000000)
  region size 2048K, 1 young (2048K), 1 survivors (2048K)
 Metaspace       used 42517K, committed 42944K, reserved 1089536K
  class space    used 5414K, committed 5632K, reserved 1048576K
}
Event: 13.763 GC heap before
{Heap before GC invocations=15 (full 0):
 garbage-first heap   total 34816K, used 26481K [0x0000000721000000, 0x0000000800000000)
  region size 2048K, 6 young (12288K), 1 survivors (2048K)
 Metaspace       used 44557K, committed 44928K, reserved 1089536K
  class space    used 5651K, committed 5824K, reserved 1048576K
}
Event: 13.771 GC heap after
{Heap after GC invocations=16 (full 0):
 garbage-first heap   total 133120K, used 17799K [0x0000000721000000, 0x0000000800000000)
  region size 2048K, 1 young (2048K), 1 survivors (2048K)
 Metaspace       used 44557K, committed 44928K, reserved 1089536K
  class space    used 5651K, committed 5824K, reserved 1048576K
}
Event: 111.212 GC heap before
{Heap before GC invocations=16 (full 0):
 garbage-first heap   total 133120K, used 91527K [0x0000000721000000, 0x0000000800000000)
  region size 2048K, 38 young (77824K), 1 survivors (2048K)
 Metaspace       used 56385K, committed 56768K, reserved 1105920K
  class space    used 7213K, committed 7360K, reserved 1048576K
}
Event: 111.232 GC heap after
{Heap after GC invocations=17 (full 0):
 garbage-first heap   total 133120K, used 23303K [0x0000000721000000, 0x0000000800000000)
  region size 2048K, 4 young (8192K), 4 survivors (8192K)
 Metaspace       used 56385K, committed 56768K, reserved 1105920K
  class space    used 7213K, committed 7360K, reserved 1048576K
}

Deoptimization events (20 events):
Event: 111.434 Thread 0x000001ee324986b0 DEOPT PACKING pc=0x000001ee13b9a2d6 sp=0x00000094712fb3f0
Event: 111.434 Thread 0x000001ee324986b0 DEOPT UNPACKING pc=0x000001ee12bb2b43 sp=0x00000094712fa8e0 mode 0
Event: 123.624 Thread 0x000001ee3249b6d0 DEOPT PACKING pc=0x000001ee13b9a2d6 sp=0x00000094715f99a0
Event: 123.624 Thread 0x000001ee3249b6d0 DEOPT UNPACKING pc=0x000001ee12bb2b43 sp=0x00000094715f8e90 mode 0
Event: 347.749 Thread 0x000001ee2fb66930 Uncommon trap: trap_request=0xffffffde fr.pc=0x000001ee1a67d9c8 relative=0x00000000000000a8
Event: 347.749 Thread 0x000001ee2fb66930 Uncommon trap: reason=class_check action=maybe_recompile pc=0x000001ee1a67d9c8 method=org.bson.ByteBufNIO.get()B @ 4 c2
Event: 347.749 Thread 0x000001ee2fb66930 DEOPT PACKING pc=0x000001ee1a67d9c8 sp=0x00000094706fecc0
Event: 347.751 Thread 0x000001ee2fb66930 DEOPT UNPACKING pc=0x000001ee12bb23a3 sp=0x00000094706fec70 mode 2
Event: 354.959 Thread 0x000001ee2fb66e00 Uncommon trap: trap_request=0xffffffde fr.pc=0x000001ee1a67d9c8 relative=0x00000000000000a8
Event: 354.959 Thread 0x000001ee2fb66e00 Uncommon trap: reason=class_check action=maybe_recompile pc=0x000001ee1a67d9c8 method=org.bson.ByteBufNIO.get()B @ 4 c2
Event: 354.959 Thread 0x000001ee2fb66e00 DEOPT PACKING pc=0x000001ee1a67d9c8 sp=0x00000094707fee20
Event: 354.960 Thread 0x000001ee2fb66e00 DEOPT UNPACKING pc=0x000001ee12bb23a3 sp=0x00000094707fedd0 mode 2
Event: 355.020 Thread 0x000001ee32499050 Uncommon trap: trap_request=0xffffffde fr.pc=0x000001ee1a67d9c8 relative=0x00000000000000a8
Event: 355.020 Thread 0x000001ee32499050 Uncommon trap: reason=class_check action=maybe_recompile pc=0x000001ee1a67d9c8 method=org.bson.ByteBufNIO.get()B @ 4 c2
Event: 355.020 Thread 0x000001ee32499050 DEOPT PACKING pc=0x000001ee1a67d9c8 sp=0x00000094709fec10
Event: 355.021 Thread 0x000001ee32499050 DEOPT UNPACKING pc=0x000001ee12bb23a3 sp=0x00000094709febc0 mode 2
Event: 355.057 Thread 0x000001ee2fb66460 Uncommon trap: trap_request=0xffffffde fr.pc=0x000001ee1a67d9c8 relative=0x00000000000000a8
Event: 355.057 Thread 0x000001ee2fb66460 Uncommon trap: reason=class_check action=maybe_recompile pc=0x000001ee1a67d9c8 method=org.bson.ByteBufNIO.get()B @ 4 c2
Event: 355.058 Thread 0x000001ee2fb66460 DEOPT PACKING pc=0x000001ee1a67d9c8 sp=0x00000094705ff270
Event: 355.058 Thread 0x000001ee2fb66460 DEOPT UNPACKING pc=0x000001ee12bb23a3 sp=0x00000094705ff220 mode 2

Classes unloaded (0 events):
No events

Classes redefined (0 events):
No events

Internal exceptions (20 events):
Event: 15.070 Thread 0x000001ee2e3cad10 Exception <a 'java/lang/ClassNotFoundException'{0x00000007277c2e30}: org/springframework/context/ApplicationContextAwareCustomizer> (0x00000007277c2e30) 
thrown [e:\jenkins\tmp\workspace\build\src\src\hotspot\share\classfile\systemDictionary.cpp, line 256]
Event: 15.071 Thread 0x000001ee2e3cad10 Exception <a 'java/lang/ClassNotFoundException'{0x00000007277c86f0}: org/springframework/beans/factory/AwareCustomizer> (0x00000007277c86f0) 
thrown [e:\jenkins\tmp\workspace\build\src\src\hotspot\share\classfile\systemDictionary.cpp, line 256]
Event: 15.072 Thread 0x000001ee2e3cad10 Exception <a 'java/lang/ClassNotFoundException'{0x00000007277cc848}: org/springframework/web/context/ServletContextAwareCustomizer> (0x00000007277cc848) 
thrown [e:\jenkins\tmp\workspace\build\src\src\hotspot\share\classfile\systemDictionary.cpp, line 256]
Event: 15.073 Thread 0x000001ee2e3cad10 Exception <a 'java/lang/ClassNotFoundException'{0x00000007277d1a40}: org/springframework/beans/factory/AwareCustomizer> (0x00000007277d1a40) 
thrown [e:\jenkins\tmp\workspace\build\src\src\hotspot\share\classfile\systemDictionary.cpp, line 256]
Event: 15.549 Thread 0x000001ee2e3cad10 Exception <a 'java/lang/NoSuchMethodError'{0x00000007270df5b8}: 'void java.lang.invoke.DirectMethodHandle$Holder.invokeVirtual(java.lang.Object, java.lang.Object, long)'> (0x00000007270df5b8) 
thrown [e:\jenkins\tmp\workspace\build\src\src\hotspot\share\interpreter\linkResolver.cpp, line 766]
Event: 16.128 Thread 0x000001ee2e3cad10 Exception <a 'java/lang/IncompatibleClassChangeError'{0x0000000726a0df20}: Found class java.lang.Object, but interface was expected> (0x0000000726a0df20) 
thrown [e:\jenkins\tmp\workspace\build\src\src\hotspot\share\interpreter\linkResolver.cpp, line 833]
Event: 16.501 Thread 0x000001ee2e3cad10 Exception <a 'java/lang/NoSuchMethodError'{0x00000007266b0c38}: 'java.lang.Object java.lang.invoke.DirectMethodHandle$Holder.newInvokeSpecial(java.lang.Object, java.lang.Object, int, java.lang.Object, java.lang.Object)'> (0x00000007266b0c38) 
thrown [e:\jenkins\tmp\workspace\build\src\src\hotspot\share\interpreter\linkResolver.cpp, line 766]
Event: 16.505 Thread 0x000001ee2e3cad10 Exception <a 'java/lang/NoSuchMethodError'{0x00000007266bc488}: 'java.lang.Object java.lang.invoke.DirectMethodHandle$Holder.invokeSpecial(java.lang.Object, java.lang.Object, int, java.lang.Object, int, java.lang.Object)'> (0x00000007266bc488) 
thrown [e:\jenkins\tmp\workspace\build\src\src\hotspot\share\interpreter\linkResolver.cpp, line 766]
Event: 16.507 Thread 0x000001ee2e3cad10 Exception <a 'java/lang/NoSuchMethodError'{0x00000007266c4530}: 'java.lang.Object java.lang.invoke.DirectMethodHandle$Holder.newInvokeSpecial(java.lang.Object, java.lang.Object, int, java.lang.Object, int)'> (0x00000007266c4530) 
thrown [e:\jenkins\tmp\workspace\build\src\src\hotspot\share\interpreter\linkResolver.cpp, line 766]
Event: 16.510 Thread 0x000001ee2e3cad10 Exception <a 'java/lang/NoSuchMethodError'{0x00000007266c8630}: 'java.lang.Object java.lang.invoke.DirectMethodHandle$Holder.invokeSpecial(java.lang.Object, java.lang.Object, java.lang.Object, int, java.lang.Object, int)'> (0x00000007266c8630) 
thrown [e:\jenkins\tmp\workspace\build\src\src\hotspot\share\interpreter\linkResolver.cpp, line 766]
Event: 31.766 Thread 0x000001ee3249b200 Exception <a 'java/lang/NoSuchMethodError'{0x0000000725b5c870}: 'java.lang.Object java.lang.invoke.DirectMethodHandle$Holder.invokeStatic(java.lang.Object, int, java.lang.Object, java.lang.Object)'> (0x0000000725b5c870) 
thrown [e:\jenkins\tmp\workspace\build\src\src\hotspot\share\interpreter\linkResolver.cpp, line 766]
Event: 31.806 Thread 0x000001ee3249b200 Exception <a 'java/lang/reflect/InvocationTargetException'{0x0000000725bbb1e0}> (0x0000000725bbb1e0) 
thrown [e:\jenkins\tmp\workspace\build\src\src\hotspot\share\runtime\reflection.cpp, line 1121]
Event: 32.520 Thread 0x000001ee3249b200 Exception <a 'java/lang/NoSuchMethodError'{0x00000007259c61b8}: 'java.lang.Object java.lang.invoke.DirectMethodHandle$Holder.invokeVirtual(java.lang.Object, java.lang.Object, java.lang.Object, java.lang.Object, java.lang.Object)'> (0x00000007259c61b8) 
thrown [e:\jenkins\tmp\workspace\build\src\src\hotspot\share\interpreter\linkResolver.cpp, line 766]
Event: 32.616 Thread 0x000001ee3249b200 Exception <a 'java/lang/NoSuchMethodError'{0x00000007256bd0e8}: 'void java.lang.invoke.Invokers$Holder.invoke_MT(java.lang.Object, java.lang.Object, java.lang.Object, java.lang.Object)'> (0x00000007256bd0e8) 
thrown [e:\jenkins\tmp\workspace\build\src\src\hotspot\share\interpreter\linkResolver.cpp, line 766]
Event: 32.829 Thread 0x000001ee3249b200 Implicit null exception at 0x000001ee1a77ef52 to 0x000001ee1a77f0a0
Event: 111.174 Thread 0x000001ee324986b0 Exception <a 'java/lang/NoSuchMethodError'{0x0000000724997528}: 'java.lang.Object java.lang.invoke.Invokers$Holder.invoke_MT(java.lang.Object, java.lang.Object, java.lang.Object)'> (0x0000000724997528) 
thrown [e:\jenkins\tmp\workspace\build\src\src\hotspot\share\interpreter\linkResolver.cpp, line 766]
Event: 111.188 Thread 0x000001ee324986b0 Implicit null exception at 0x000001ee1a7498bd to 0x000001ee1a74997a
Event: 191.127 Thread 0x000001ee3249d3b0 Exception <a 'java/lang/reflect/InvocationTargetException'{0x00000007287b8860}> (0x00000007287b8860) 
thrown [e:\jenkins\tmp\workspace\build\src\src\hotspot\share\runtime\reflection.cpp, line 1121]
Event: 191.131 Thread 0x000001ee3249d3b0 Exception <a 'java/lang/reflect/InvocationTargetException'{0x00000007287b90f0}> (0x00000007287b90f0) 
thrown [e:\jenkins\tmp\workspace\build\src\src\hotspot\share\runtime\reflection.cpp, line 1121]
Event: 191.252 Thread 0x000001ee3249d3b0 Exception <a 'java/lang/NoClassDefFoundError'{0x00000007287ea5f0}: sun/reflect/Reflection> (0x00000007287ea5f0) 
thrown [e:\jenkins\tmp\workspace\build\src\src\hotspot\share\classfile\systemDictionary.cpp, line 245]

VM Operations (20 events):
Event: 499.439 Executing VM operation: Cleanup
Event: 499.439 Executing VM operation: Cleanup done
Event: 505.482 Executing VM operation: Cleanup
Event: 505.482 Executing VM operation: Cleanup done
Event: 559.870 Executing VM operation: Cleanup
Event: 559.870 Executing VM operation: Cleanup done
Event: 562.896 Executing VM operation: Cleanup
Event: 562.896 Executing VM operation: Cleanup done
Event: 580.052 Executing VM operation: Cleanup
Event: 580.052 Executing VM operation: Cleanup done
Event: 590.100 Executing VM operation: Cleanup
Event: 590.100 Executing VM operation: Cleanup done
Event: 635.379 Executing VM operation: Cleanup
Event: 635.379 Executing VM operation: Cleanup done
Event: 645.470 Executing VM operation: Cleanup
Event: 645.470 Executing VM operation: Cleanup done
Event: 662.550 Executing VM operation: Cleanup
Event: 662.551 Executing VM operation: Cleanup done
Event: 731.870 Executing VM operation: Cleanup
Event: 731.870 Executing VM operation: Cleanup done

Events (20 events):
Event: 214.932 Thread 0x000001ee2cd88870 flushing nmethod 0x000001ee13b4af90
Event: 214.932 Thread 0x000001ee2cd88870 flushing nmethod 0x000001ee13b4d710
Event: 214.932 Thread 0x000001ee2cd88870 flushing nmethod 0x000001ee13b52210
Event: 214.932 Thread 0x000001ee2cd88870 flushing nmethod 0x000001ee13b6e290
Event: 214.932 Thread 0x000001ee2cd88870 flushing nmethod 0x000001ee13b6f910
Event: 214.932 Thread 0x000001ee2cd88870 flushing nmethod 0x000001ee13b73310
Event: 214.932 Thread 0x000001ee2cd88870 flushing nmethod 0x000001ee13b78f10
Event: 214.932 Thread 0x000001ee2cd88870 flushing nmethod 0x000001ee13b85290
Event: 214.932 Thread 0x000001ee2cd88870 flushing nmethod 0x000001ee13b8fa10
Event: 214.932 Thread 0x000001ee2cd88870 flushing nmethod 0x000001ee13b90590
Event: 214.932 Thread 0x000001ee2cd88870 flushing nmethod 0x000001ee13b99d90
Event: 214.932 Thread 0x000001ee2cd88870 flushing nmethod 0x000001ee13b9aa90
Event: 214.932 Thread 0x000001ee2cd88870 flushing nmethod 0x000001ee13ba3310
Event: 214.932 Thread 0x000001ee2cd88870 flushing nmethod 0x000001ee13ba5e10
Event: 214.932 Thread 0x000001ee2cd88870 flushing nmethod 0x000001ee13ba6710
Event: 214.932 Thread 0x000001ee2cd88870 flushing nmethod 0x000001ee13ba8490
Event: 214.932 Thread 0x000001ee2cd88870 flushing nmethod 0x000001ee13baf410
Event: 214.932 Thread 0x000001ee2cd88870 flushing nmethod 0x000001ee13bb2e10
Event: 214.932 Thread 0x000001ee2cd88870 flushing nmethod 0x000001ee13bc9190
Event: 214.932 Thread 0x000001ee2cd88870 flushing nmethod 0x000001ee13bd7490


Dynamic libraries:
0x00007ff681750000 - 0x00007ff68175e000 	C:\Users\seral\.vscode\extensions\redhat.java-1.4.0\jre\17.0.2-win32-x86_64\bin\java.exe
0x00007ffea8840000 - 0x00007ffea8a49000 	C:\WINDOWS\SYSTEM32\ntdll.dll
0x00007ffea73f0000 - 0x00007ffea74ad000 	C:\WINDOWS\System32\KERNEL32.DLL
0x00007ffea5d30000 - 0x00007ffea60a4000 	C:\WINDOWS\System32\KERNELBASE.dll
0x00007ffea6590000 - 0x00007ffea66a1000 	C:\WINDOWS\System32\ucrtbase.dll
0x00007ffe8c170000 - 0x00007ffe8c188000 	C:\Users\seral\.vscode\extensions\redhat.java-1.4.0\jre\17.0.2-win32-x86_64\bin\jli.dll
0x00007ffe8c150000 - 0x00007ffe8c169000 	C:\Users\seral\.vscode\extensions\redhat.java-1.4.0\jre\17.0.2-win32-x86_64\bin\VCRUNTIME140.dll
0x00007ffea6b50000 - 0x00007ffea6cfc000 	C:\WINDOWS\System32\USER32.dll
0x00007ffe90580000 - 0x00007ffe90825000 	C:\WINDOWS\WinSxS\amd64_microsoft.windows.common-controls_6595b64144ccf1df_6.0.22000.120_none_9d947278b86cc467\COMCTL32.dll
0x00007ffea66b0000 - 0x00007ffea66d6000 	C:\WINDOWS\System32\win32u.dll
0x00007ffea7110000 - 0x00007ffea7139000 	C:\WINDOWS\System32\GDI32.dll
0x00007ffea6470000 - 0x00007ffea6582000 	C:\WINDOWS\System32\gdi32full.dll
0x00007ffea61e0000 - 0x00007ffea627d000 	C:\WINDOWS\System32\msvcp_win.dll
0x00007ffea7d20000 - 0x00007ffea7dc3000 	C:\WINDOWS\System32\msvcrt.dll
0x00007ffea6790000 - 0x00007ffea67c1000 	C:\WINDOWS\System32\IMM32.DLL
0x00007ffe93e90000 - 0x00007ffe93e9c000 	C:\Users\seral\.vscode\extensions\redhat.java-1.4.0\jre\17.0.2-win32-x86_64\bin\vcruntime140_1.dll
0x00007ffe8c0b0000 - 0x00007ffe8c141000 	C:\Users\seral\.vscode\extensions\redhat.java-1.4.0\jre\17.0.2-win32-x86_64\bin\msvcp140.dll
0x00007ffe47190000 - 0x00007ffe47dd7000 	C:\Users\seral\.vscode\extensions\redhat.java-1.4.0\jre\17.0.2-win32-x86_64\bin\server\jvm.dll
0x00007ffea7340000 - 0x00007ffea73ee000 	C:\WINDOWS\System32\ADVAPI32.dll
0x00007ffea8700000 - 0x00007ffea879e000 	C:\WINDOWS\System32\sechost.dll
0x00007ffea7fe0000 - 0x00007ffea8100000 	C:\WINDOWS\System32\RPCRT4.dll
0x00007ffea6f50000 - 0x00007ffea6f58000 	C:\WINDOWS\System32\PSAPI.DLL
0x00007ffe92b60000 - 0x00007ffe92b69000 	C:\WINDOWS\SYSTEM32\WSOCK32.dll
0x00007ffea6df0000 - 0x00007ffea6e5f000 	C:\WINDOWS\System32\WS2_32.dll
0x00007ffea0a50000 - 0x00007ffea0a83000 	C:\WINDOWS\SYSTEM32\WINMM.dll
0x00007ffe9fb00000 - 0x00007ffe9fb0a000 	C:\WINDOWS\SYSTEM32\VERSION.dll
0x00007ffea4e00000 - 0x00007ffea4e18000 	C:\WINDOWS\SYSTEM32\kernel.appcore.dll
0x00007ffe920b0000 - 0x00007ffe920ba000 	C:\Users\seral\.vscode\extensions\redhat.java-1.4.0\jre\17.0.2-win32-x86_64\bin\jimage.dll
0x00007ffe974d0000 - 0x00007ffe976f1000 	C:\WINDOWS\SYSTEM32\DBGHELP.DLL
0x00007ffe94780000 - 0x00007ffe947b1000 	C:\WINDOWS\SYSTEM32\dbgcore.DLL
0x00007ffea6280000 - 0x00007ffea62ff000 	C:\WINDOWS\System32\bcryptPrimitives.dll
0x00007ffe8c080000 - 0x00007ffe8c0a5000 	C:\Users\seral\.vscode\extensions\redhat.java-1.4.0\jre\17.0.2-win32-x86_64\bin\java.dll
0x00007ffe86a70000 - 0x00007ffe86a88000 	C:\Users\seral\.vscode\extensions\redhat.java-1.4.0\jre\17.0.2-win32-x86_64\bin\zip.dll
0x00007ffea74b0000 - 0x00007ffea7c5e000 	C:\WINDOWS\System32\SHELL32.dll
0x00007ffea3e60000 - 0x00007ffea46c8000 	C:\WINDOWS\SYSTEM32\windows.storage.dll
0x00007ffea67d0000 - 0x00007ffea6b48000 	C:\WINDOWS\System32\combase.dll
0x00007ffea3cf0000 - 0x00007ffea3e56000 	C:\WINDOWS\SYSTEM32\wintypes.dll
0x00007ffea6d00000 - 0x00007ffea6dea000 	C:\WINDOWS\System32\SHCORE.dll
0x00007ffea7c60000 - 0x00007ffea7cbd000 	C:\WINDOWS\System32\shlwapi.dll
0x00007ffea5c60000 - 0x00007ffea5c81000 	C:\WINDOWS\SYSTEM32\profapi.dll
0x00007ffe84330000 - 0x00007ffe84349000 	C:\Users\seral\.vscode\extensions\redhat.java-1.4.0\jre\17.0.2-win32-x86_64\bin\net.dll
0x00007ffea0410000 - 0x00007ffea051c000 	C:\WINDOWS\SYSTEM32\WINHTTP.dll
0x00007ffea5260000 - 0x00007ffea52c7000 	C:\WINDOWS\system32\mswsock.dll
0x00007ffe84310000 - 0x00007ffe84325000 	C:\Users\seral\.vscode\extensions\redhat.java-1.4.0\jre\17.0.2-win32-x86_64\bin\nio.dll
0x00007ffea0880000 - 0x00007ffea0889000 	C:\Users\seral\.vscode\extensions\redhat.java-1.4.0\jre\17.0.2-win32-x86_64\bin\management.dll
0x00007ffea0870000 - 0x00007ffea087b000 	C:\Users\seral\.vscode\extensions\redhat.java-1.4.0\jre\17.0.2-win32-x86_64\bin\management_ext.dll
0x00007ffe39370000 - 0x00007ffe39387000 	C:\WINDOWS\system32\napinsp.dll
0x00007ffe39350000 - 0x00007ffe3936b000 	C:\WINDOWS\system32\pnrpnsp.dll
0x00007ffea4950000 - 0x00007ffea4a37000 	C:\WINDOWS\SYSTEM32\DNSAPI.dll
0x00007ffea4920000 - 0x00007ffea494d000 	C:\WINDOWS\SYSTEM32\IPHLPAPI.DLL
0x00007ffea6f60000 - 0x00007ffea6f69000 	C:\WINDOWS\System32\NSI.dll
0x00007ffe39330000 - 0x00007ffe39342000 	C:\WINDOWS\System32\winrnr.dll
0x00007ffe9f950000 - 0x00007ffe9f965000 	C:\WINDOWS\system32\wshbth.dll
0x00007ffe5c350000 - 0x00007ffe5c36f000 	C:\WINDOWS\system32\nlansp_c.dll
0x00007ffe9c5e0000 - 0x00007ffe9c5ea000 	C:\Windows\System32\rasadhlp.dll
0x00007ffe9e930000 - 0x00007ffe9e9b1000 	C:\WINDOWS\System32\fwpuclnt.dll
0x00007ffea54b0000 - 0x00007ffea54c8000 	C:\WINDOWS\SYSTEM32\CRYPTSP.dll
0x00007ffea4d60000 - 0x00007ffea4d95000 	C:\WINDOWS\system32\rsaenh.dll
0x00007ffea5350000 - 0x00007ffea5379000 	C:\WINDOWS\SYSTEM32\USERENV.dll
0x00007ffea5620000 - 0x00007ffea5647000 	C:\WINDOWS\SYSTEM32\bcrypt.dll
0x00007ffea54a0000 - 0x00007ffea54ac000 	C:\WINDOWS\SYSTEM32\CRYPTBASE.dll
0x00007ffea0200000 - 0x00007ffea0219000 	C:\WINDOWS\SYSTEM32\dhcpcsvc6.DLL
0x00007ffea0810000 - 0x00007ffea082e000 	C:\WINDOWS\SYSTEM32\dhcpcsvc.DLL
0x00007ffe87590000 - 0x00007ffe875a0000 	C:\Users\seral\.vscode\extensions\redhat.java-1.4.0\jre\17.0.2-win32-x86_64\bin\verify.dll
0x00007ffea1210000 - 0x00007ffea121e000 	C:\Users\seral\.vscode\extensions\redhat.java-1.4.0\jre\17.0.2-win32-x86_64\bin\sunmscapi.dll
0x00007ffea6300000 - 0x00007ffea6462000 	C:\WINDOWS\System32\CRYPT32.dll
0x00007ffea55f0000 - 0x00007ffea5618000 	C:\WINDOWS\SYSTEM32\ncrypt.dll
0x00007ffea55b0000 - 0x00007ffea55e7000 	C:\WINDOWS\SYSTEM32\NTASN1.dll
0x00007ffe93360000 - 0x00007ffe93368000 	C:\WINDOWS\system32\wshunix.dll

dbghelp: loaded successfully - version: 4.0.5 - missing functions: none
symbol engine: initialized successfully - sym options: 0x614 - pdb path: .;C:\Users\seral\.vscode\extensions\redhat.java-1.4.0\jre\17.0.2-win32-x86_64\bin;C:\WINDOWS\SYSTEM32;C:\WINDOWS\WinSxS\amd64_microsoft.windows.common-controls_6595b64144ccf1df_6.0.22000.120_none_9d947278b86cc467;C:\Users\seral\.vscode\extensions\redhat.java-1.4.0\jre\17.0.2-win32-x86_64\bin\server

VM Arguments:
jvm_args: -Dcom.sun.management.jmxremote -Dcom.sun.management.jmxremote.port=63990 -Dcom.sun.management.jmxremote.authenticate=false -Dcom.sun.management.jmxremote.ssl=false -Djava.rmi.server.hostname=localhost -Dspring.application.admin.enabled=true -Dspring.jmx.enabled=true -XX:+ShowCodeDetailsInExceptionMessages -Dfile.encoding=UTF-8 
java_command: com.seraleman.regala_product_be.RegalaProductBeApplication
java_class_path (initial): C:\Users\seral\Documents\Dev\Projects\Personal\Regala\regala_product_be\target\classes;C:\Users\seral\.m2\repository\org\springframework\boot\spring-boot-starter-data-mongodb\2.6.5\spring-boot-starter-data-mongodb-2.6.5.jar;C:\Users\seral\.m2\repository\org\springframework\boot\spring-boot-starter\2.6.5\spring-boot-starter-2.6.5.jar;C:\Users\seral\.m2\repository\org\springframework\boot\spring-boot-starter-logging\2.6.5\spring-boot-starter-logging-2.6.5.jar;C:\Users\seral\.m2\repository\ch\qos\logback\logback-classic\1.2.11\logback-classic-1.2.11.jar;C:\Users\seral\.m2\repository\ch\qos\logback\logback-core\1.2.11\logback-core-1.2.11.jar;C:\Users\seral\.m2\repository\org\apache\logging\log4j\log4j-to-slf4j\2.17.2\log4j-to-slf4j-2.17.2.jar;C:\Users\seral\.m2\repository\org\apache\logging\log4j\log4j-api\2.17.2\log4j-api-2.17.2.jar;C:\Users\seral\.m2\repository\org\slf4j\jul-to-slf4j\1.7.36\jul-to-slf4j-1.7.36.jar;C:\Users\seral\.m2\repository\jakarta\annotation\jakarta.annotation-api\1.3.5\jakarta.annotation-api-1.3.5.jar;C:\Users\seral\.m2\repository\org\yaml\snakeyaml\1.29\snakeyaml-1.29.jar;C:\Users\seral\.m2\repository\org\mongodb\mongodb-driver-sync\4.4.2\mongodb-driver-sync-4.4.2.jar;C:\Users\seral\.m2\repository\org\mongodb\bson\4.4.2\bson-4.4.2.jar;C:\Users\seral\.m2\repository\org\mongodb\mongodb-driver-core\4.4.2\mongodb-driver-core-4.4.2.jar;C:\Users\seral\.m2\repository\org\springframework\data\spring-data-mongodb\3.3.3\spring-data-mongodb-3.3.3.jar;C:\Users\seral\.m2\repository\org\springframework\spring-tx\5.3.17\spring-tx-5.3.17.jar;C:\Users\seral\.m2\repository\org\springframework\spring-context\5.3.17\spring-context-5.3.17.jar;C:\Users\seral\.m2\repository\org\springframework\spring-beans\5.3.17\spring-beans-5.3.17.jar;C:\Users\seral\.m2\repository\org\springframework\spring-expression\5.3.17\spring-expression-5.3.17.jar;C:\Users\seral\.m2\repository\org\springframework\data\spring-data-commons\2.6.3\spring-data-commons-2
Launcher Type: SUN_STANDARD

[Global flags]
     intx CICompilerCount                          = 4                                         {product} {ergonomic}
     uint ConcGCThreads                            = 2                                         {product} {ergonomic}
     uint G1ConcRefinementThreads                  = 8                                         {product} {ergonomic}
   size_t G1HeapRegionSize                         = 2097152                                   {product} {ergonomic}
    uintx GCDrainStackTargetSize                   = 64                                        {product} {ergonomic}
   size_t InitialHeapSize                          = 234881024                                 {product} {ergonomic}
     bool ManagementServer                         = true                                      {product} {command line}
   size_t MarkStackSize                            = 4194304                                   {product} {ergonomic}
   size_t MaxHeapSize                              = 3741319168                                {product} {ergonomic}
   size_t MaxNewSize                               = 2243952640                                {product} {ergonomic}
   size_t MinHeapDeltaBytes                        = 2097152                                   {product} {ergonomic}
   size_t MinHeapSize                              = 8388608                                   {product} {ergonomic}
    uintx NonNMethodCodeHeapSize                   = 5839372                                {pd product} {ergonomic}
    uintx NonProfiledCodeHeapSize                  = 122909434                              {pd product} {ergonomic}
    uintx ProfiledCodeHeapSize                     = 122909434                              {pd product} {ergonomic}
    uintx ReservedCodeCacheSize                    = 251658240                              {pd product} {ergonomic}
     bool SegmentedCodeCache                       = true                                      {product} {ergonomic}
     bool ShowCodeDetailsInExceptionMessages       = true                                   {manageable} {command line}
   size_t SoftMaxHeapSize                          = 3741319168                             {manageable} {ergonomic}
     bool UseCompressedClassPointers               = true                           {product lp64_product} {ergonomic}
     bool UseCompressedOops                        = true                           {product lp64_product} {ergonomic}
     bool UseG1GC                                  = true                                      {product} {ergonomic}
     bool UseLargePagesIndividualAllocation        = false                                  {pd product} {ergonomic}

Logging:
Log output configuration:
 #0: stdout all=warning uptime,level,tags
 #1: stderr all=off uptime,level,tags

Environment Variables:
JAVA_HOME=C:\Users\seral\AppData\Local\Programs\Eclipse Adoptium\jdk-17.0.2.8-hotspot\
PATH=C:\WINDOWS\system32;C:\WINDOWS;C:\WINDOWS\System32\Wbem;C:\WINDOWS\System32\WindowsPowerShell\v1.0\;C:\WINDOWS\System32\OpenSSH\;C:\Program Files\Git\cmd;C:\Program Files\nodejs\;C:\Program Files\Docker\Docker\resources\bin;C:\ProgramData\DockerDesktop\version-bin;C:\Program Files\MongoDB\Server\5.0\bin;C:\Users\seral\AppData\Local\Programs\Python\Python310\Scripts\;C:\Users\seral\AppData\Local\Programs\Python\Python310\;C:\Users\seral\AppData\Local\Programs\Eclipse Adoptium\jdk-17.0.2.8-hotspot\bin;C:\Users\seral\AppData\Local\Microsoft\WindowsApps;C:\Users\seral\AppData\Roaming\npm;C:\Users\seral\AppData\Local\Programs\Microsoft VS Code\bin;C:\Program Files\heroku\bin
USERNAME=seral
OS=Windows_NT
PROCESSOR_IDENTIFIER=AMD64 Family 23 Model 24 Stepping 1, AuthenticAMD



---------------  S Y S T E M  ---------------

OS:
 Windows 11 , 64 bit Build 22000 (10.0.22000.434)
OS uptime: 5 days 4:06 hours
Hyper-V role detected

CPU: total 8 (initial active 8) (8 cores per cpu, 2 threads per core) family 23 model 24 stepping 1 microcode 0x0, cx8, cmov, fxsr, ht, mmx, 3dnowpref, sse, sse2, sse3, ssse3, sse4a, sse4.1, sse4.2, popcnt, lzcnt, tsc, tscinvbit, avx, avx2, aes, clmul, bmi1, bmi2, adx, sha, fma, vzeroupper, clflush, clflushopt, hv

Memory: 4k page, system-wide physical 14269M (270M free)
TotalPageFile size 57277M (AvailPageFile size 0M)
current process WorkingSet (physical memory assigned to process): 81M, peak: 262M
current process commit charge ("private bytes"): 299M, peak: 340M

vm_info: OpenJDK 64-Bit Server VM (17.0.2+8) for windows-amd64 JRE (17.0.2+8), built on Jan 20 2022 04:52:34 by "" with MS VC++ 16.7 (VS2019)

END.
